<?xml version="1.0" encoding="UTF-8"?>
<!-- Generated by org.testng.reporters.JUnitXMLReporter -->
<testsuite ignored="1" hostname="LAPTOP-POGK2L6P" failures="0" tests="1" name="Default test" time="32.263" errors="0" timestamp="2024-10-23T20:47:19 IST">
  <testcase classname="com.ell.qa.testcases.SettingsPageTest" name="validateNewAddUser" time="16.068"/>
  <testcase classname="com.ell.qa.testcases.SettingsPageTest" name="verifySettingsPageTitleTest" time="0.0">
    <ignored/>
  </testcase> <!-- verifySettingsPageTitleTest -->
</testsuite> <!-- Default test -->
